Test bootstrap loaded
PHPUnit 9.6.34 by Sebastian Bergmann and contributors.

Runtime:       PHP 8.1.33
Configuration: /Users/krisoldland/Local Sites/touchpoint-template-remote/app/public/wp-content/plugins/khm-plugin/phpunit.xml

................KHM landing landing.view {"schedule_id":"sch_123","sponsor_id":"sp_456","utm_source":"newsletter","source":"landing"}
.KHM landing landing.success {"session_id":"cs_test_success_001","schedule_id":"sch_123","sponsor_id":"sp_456","consent":1,"membership_status":"active"}
.KHM landing landing.success {"session_id":"cs_test_success_002","schedule_id":"sch_123","sponsor_id":"","consent":0,"membership_status":"active"}
...KHM landing landing.submit {"session_id":"cs_test_df439ce7bb2256e6","schedule_id":"sch_optout_001","sponsor_id":"","consent":1,"source":"landing"}
..KHM webhook membership.attribution.confirmed {"user_id":123,"schedule_id":77,"reference":"cs_optout_001","consent":0}
KHM webhook membership.signup {"user_id":123,"tier":11,"attribution_id":"","payment_type":"subscription"}
KHM webhook landing.success {"user_id":123,"schedule_id":77,"sponsor_id":11,"utm_source":"newsletter","utm_campaign":"spring","reference":"cs_optout_001"}
KHM webhook membership.email.skipped {"type":"welcome","user_id":123,"reason":"transactional_emails_disabled","reference":"cs_optout_001"}
KHM webhook membership.email.skipped {"type":"payment","user_id":123,"reason":"transactional_emails_disabled","reference":"session:cs_optout_001"}
KHM webhook webhook.processed {"event_id":"evt_optout_001","event_type":"checkout.session.completed","trace_id":"9f839d97-0bcb-4910-b2c6-e9dea451033f","latency_ms":2}
KHM webhook webhook.received {"event_id":"evt_optout_001","event_type":"checkout.session.completed","latency_ms":112}
....KHM landing landing.submit {"session_id":"cs_test_dae2bc5a44178609","schedule_id":"sch_125","sponsor_id":"","consent":1,"source":"landing"}
............KHM landing landing.submit {"session_id":"cs_test_89467c24312293ea","schedule_id":"sch_matrix_001","sponsor_id":"","consent":1,"source":"landing"}
.KHM landing landing.submit {"session_id":"cs_test_9cf300d4ee22fd74","schedule_id":"sch_matrix_002","sponsor_id":"","consent":0,"source":"landing"}
.KHM landing landing.submit {"session_id":"cs_test_bf8673124559d60e","schedule_id":"sch_matrix_003","sponsor_id":"","consent":1,"source":"landing"}
.KHM landing landing.submit {"session_id":"cs_test_3b32b2dc26c45b3a","schedule_id":"sch_123","sponsor_id":"","consent":1,"source":"landing"}
.KHM landing landing.submit {"session_id":"cs_test_985e17f16425d258","schedule_id":"sch_123","sponsor_id":"","consent":1,"source":"landing"}
..KHM landing landing.submit {"session_id":"cs_test_42ea8942b2a11de2","schedule_id":"sch_123","sponsor_id":"","consent":0,"source":"landing"}
..KHM landing landing.submit {"session_id":"cs_test_fc314805c01e1ac6","schedule_id":"sch_123","sponsor_id":"","consent":1,"source":"landing"}
.......KHM webhook processing failed | event_id=evt_err_null_obj | type=invoice.paid | trace_id=7977ff59-6db3-482a-bec3-86537c24d939 | error=invoice.paid unable to resolve user
KHM webhook webhook.failed {"event_id":"evt_err_null_obj","event_type":"invoice.paid","trace_id":"7977ff59-6db3-482a-bec3-86537c24d939","error":"invoice.paid unable to resolve user"}
KHM webhook webhook.received {"event_id":"evt_err_null_obj","event_type":"invoice.paid","latency_ms":0}
KHM webhook processing failed | event_id=evt_err_null_obj | type=invoice.paid | trace_id=trace-null-obj | error=invoice.paid unable to resolve user
KHM webhook webhook.failed {"event_id":"evt_err_null_obj","event_type":"invoice.paid","trace_id":"trace-null-obj","error":"invoice.paid unable to resolve user"}
.KHM webhook processing failed | event_id=evt_err_ctx | type=invoice.paid | trace_id=92be3d62-afcf-4ff6-a651-daa4dfe68a27 | error=invoice.paid unable to resolve user
KHM webhook webhook.failed {"event_id":"evt_err_ctx","event_type":"invoice.paid","trace_id":"92be3d62-afcf-4ff6-a651-daa4dfe68a27","error":"invoice.paid unable to resolve user"}
KHM webhook webhook.received {"event_id":"evt_err_ctx","event_type":"invoice.paid","latency_ms":0}
KHM webhook processing failed | event_id=evt_err_ctx | type=invoice.paid | trace_id=trace-ctx-001 | error=invoice.paid unable to resolve user
KHM webhook webhook.failed {"event_id":"evt_err_ctx","event_type":"invoice.paid","trace_id":"trace-ctx-001","error":"invoice.paid unable to resolve user"}
.KHM webhook processing failed | event_id=evt_err_mark | type=invoice.paid | trace_id=a698092d-18ae-4fa2-9064-c05872324c64 | error=invoice.paid unable to resolve user
KHM webhook webhook.failed {"event_id":"evt_err_mark","event_type":"invoice.paid","trace_id":"a698092d-18ae-4fa2-9064-c05872324c64","error":"invoice.paid unable to resolve user"}
KHM webhook webhook.received {"event_id":"evt_err_mark","event_type":"invoice.paid","latency_ms":0}
KHM webhook processing failed | event_id=evt_err_mark | type=invoice.paid | trace_id=trace-mark | error=invoice.paid unable to resolve user
KHM webhook webhook.failed {"event_id":"evt_err_mark","event_type":"invoice.paid","trace_id":"trace-mark","error":"invoice.paid unable to resolve user"}
.KHM webhook processing failed | event_id=evt_err_dl | type=invoice.paid | trace_id=f2856dd8-e072-43c3-8822-1e3ee0fd8f53 | error=invoice.paid unable to resolve user
KHM webhook webhook.failed {"event_id":"evt_err_dl","event_type":"invoice.paid","trace_id":"f2856dd8-e072-43c3-8822-1e3ee0fd8f53","error":"invoice.paid unable to resolve user"}
KHM webhook webhook.received {"event_id":"evt_err_dl","event_type":"invoice.paid","latency_ms":0}
KHM webhook processing failed | event_id=evt_err_dl | type=invoice.paid | trace_id=trace-dl-001 | error=invoice.paid unable to resolve user
KHM webhook webhook.failed {"event_id":"evt_err_dl","event_type":"invoice.paid","trace_id":"trace-dl-001","error":"invoice.paid unable to resolve user"}
.KHM webhook processing failed | event_id=evt_err_both | type=invoice.paid | trace_id=5afda6a9-8fde-4cbb-9376-76840364a016 | error=invoice.paid unable to resolve user
KHM webhook webhook.failed {"event_id":"evt_err_both","event_type":"invoice.paid","trace_id":"5afda6a9-8fde-4cbb-9376-76840364a016","error":"invoice.paid unable to resolve user"}
KHM webhook webhook.received {"event_id":"evt_err_both","event_type":"invoice.paid","latency_ms":0}
KHM webhook processing failed | event_id=evt_err_both | type=invoice.paid | trace_id=trace-both-999 | error=invoice.paid unable to resolve user
KHM webhook webhook.failed {"event_id":"evt_err_both","event_type":"invoice.paid","trace_id":"trace-both-999","error":"invoice.paid unable to resolve user"}
.KHM webhook webhook.invalid_signature {"code":"khm_invalid_signature","message":"No signatures found matching the expected signature for payload"}
.KHM webhook processing failed | event_id=evt_signed_exc_001 | type=invoice.paid | trace_id=b7f83201-5762-483e-a817-561a90b5180a | error=invoice.paid unable to resolve user
KHM webhook webhook.failed {"event_id":"evt_signed_exc_001","event_type":"invoice.paid","trace_id":"b7f83201-5762-483e-a817-561a90b5180a","error":"invoice.paid unable to resolve user"}
KHM webhook webhook.received {"event_id":"evt_signed_exc_001","event_type":"invoice.paid","latency_ms":0}
KHM webhook processing failed | event_id=evt_signed_exc_001 | type=invoice.paid | trace_id=trace-signed-exc-001 | error=invoice.paid unable to resolve user
KHM webhook webhook.failed {"event_id":"evt_signed_exc_001","event_type":"invoice.paid","trace_id":"trace-signed-exc-001","error":"invoice.paid unable to resolve user"}
.KHM webhook membership.attribution.created {"user_id":101,"schedule_id":10,"sponsor_id":20,"reference":"cs_fixture_signed_001"}
KHM webhook membership.attribution.confirmed {"user_id":101,"schedule_id":10,"reference":"cs_fixture_signed_001","consent":1}
KHM webhook membership.signup {"user_id":101,"tier":87,"attribution_id":"","payment_type":"subscription"}
KHM webhook landing.success {"user_id":101,"schedule_id":10,"sponsor_id":20,"utm_source":"newsletter","utm_campaign":"spring_launch","reference":"cs_fixture_signed_001"}
KHM webhook membership.email.skipped {"type":"welcome","user_id":101,"reason":"transactional_emails_disabled","reference":"cs_fixture_signed_001"}
KHM webhook membership.email.skipped {"type":"payment","user_id":101,"reason":"transactional_emails_disabled","reference":"session:cs_fixture_signed_001"}
KHM webhook webhook.processed {"event_id":"evt_checkout_signed_001","event_type":"checkout.session.completed","trace_id":"f23fd1a5-e099-410d-ade0-a02706eeaca2","latency_ms":0}
KHM webhook webhook.received {"event_id":"evt_checkout_signed_001","event_type":"checkout.session.completed","latency_ms":0}
.KHM webhook membership.renewal {"user_id":202,"invoice_id":"in_fixture_001","subscription_id":"sub_fixture_001"}
KHM webhook membership.email.skipped {"type":"payment","user_id":202,"reason":"transactional_emails_disabled","reference":"invoice:in_fixture_001"}
KHM webhook webhook.processed {"event_id":"evt_invoice_signed_001","event_type":"invoice.paid","trace_id":"1cc8ce8f-d736-4e02-b5c2-f03c0c8f9dcb","latency_ms":0}
KHM webhook webhook.received {"event_id":"evt_invoice_signed_001","event_type":"invoice.paid","latency_ms":0}
.KHM webhook membership.attribution.created {"user_id":101,"schedule_id":777,"sponsor_id":0,"reference":"cs_temp_fallback_001"}
KHM webhook membership.attribution.confirmed {"user_id":101,"schedule_id":777,"reference":"cs_temp_fallback_001","consent":1}
KHM webhook membership.signup {"user_id":101,"tier":104,"attribution_id":"","payment_type":"subscription"}
KHM webhook landing.success {"user_id":101,"schedule_id":777,"sponsor_id":0,"utm_source":"","utm_campaign":"spring_launch","reference":"cs_temp_fallback_001"}
KHM webhook membership.email.skipped {"type":"welcome","user_id":101,"reason":"transactional_emails_disabled","reference":"cs_temp_fallback_001"}
KHM webhook membership.email.skipped {"type":"payment","user_id":101,"reason":"transactional_emails_disabled","reference":"session:cs_temp_fallback_001"}
KHM webhook webhook.processed {"event_id":"evt_checkout_temp_fallback_001","event_type":"checkout.session.completed","trace_id":"0c3ae481-6d42-4ee1-91a5-6b74a66e5409","latency_ms":0}
KHM webhook webhook.received {"event_id":"evt_checkout_temp_fallback_001","event_type":"checkout.session.completed","latency_ms":0}
.KHM webhook webhook.invalid_event {"payload_hash":"daab6100e0e84fe7382b4a78535e504971260ce5e84422a52b85d68e70719aa9"}
. 65 / 86 ( 75%)
KHM webhook membership.renewal {"user_id":999,"invoice_id":"in_test_12345","subscription_id":""}
KHM webhook membership.email.skipped {"type":"payment","user_id":999,"reason":"transactional_emails_disabled","reference":"invoice:in_test_12345"}
KHM webhook webhook.processed {"event_id":"evt_test_12345","event_type":"invoice.paid","trace_id":"81d4edf6-e217-468d-b778-7c7240ad323b","latency_ms":0}
KHM webhook webhook.received {"event_id":"evt_test_12345","event_type":"invoice.paid","latency_ms":0}
.KHM webhook membership.renewal {"user_id":999,"invoice_id":"in_test_12345","subscription_id":""}
KHM webhook membership.email.skipped {"type":"payment","user_id":999,"reason":"transactional_emails_disabled","reference":"invoice:in_test_12345"}
KHM webhook webhook.processed {"event_id":"evt_test_12345","event_type":"invoice.paid","trace_id":"3e6b117f-7c40-4cdd-b271-8227d5c5add0","latency_ms":0}
KHM webhook webhook.received {"event_id":"evt_test_12345","event_type":"invoice.paid","latency_ms":0}
.KHM webhook membership.attribution.confirmed {"user_id":123,"schedule_id":0,"reference":"cs_test123","consent":0}
KHM webhook membership.attribution.missing {"user_id":123,"reference":"cs_test123","reason":"missing_schedule_id"}
KHM webhook membership.signup {"user_id":123,"tier":128,"attribution_id":"","payment_type":"subscription"}
KHM webhook landing.success {"user_id":123,"schedule_id":0,"sponsor_id":0,"utm_source":"","utm_campaign":"","reference":"cs_test123"}
KHM webhook membership.email.skipped {"type":"welcome","user_id":123,"reason":"transactional_emails_disabled","reference":"cs_test123"}
KHM webhook membership.email.skipped {"type":"payment","user_id":123,"reason":"transactional_emails_disabled","reference":"session:cs_test123"}
KHM webhook webhook.processed {"event_id":"evt_checkout_completed","event_type":"checkout.session.completed","trace_id":"e1908cce-260a-4ef1-9087-ec07384b460f","latency_ms":0}
KHM webhook webhook.received {"event_id":"evt_checkout_completed","event_type":"checkout.session.completed","latency_ms":0}
.KHM webhook membership.attribution.confirmed {"user_id":123,"schedule_id":0,"reference":"cs_test123","consent":0}
KHM webhook membership.attribution.missing {"user_id":123,"reference":"cs_test123","reason":"missing_schedule_id"}
KHM webhook membership.signup {"user_id":123,"tier":138,"attribution_id":"","payment_type":"subscription"}
KHM webhook landing.success {"user_id":123,"schedule_id":0,"sponsor_id":0,"utm_source":"","utm_campaign":"","reference":"cs_test123"}
KHM webhook membership.email.skipped {"type":"welcome","user_id":123,"reason":"transactional_emails_disabled","reference":"cs_test123"}
KHM webhook membership.email.skipped {"type":"payment","user_id":123,"reason":"transactional_emails_disabled","reference":"session:cs_test123"}
KHM webhook webhook.processed {"event_id":"evt_checkout_completed","event_type":"checkout.session.completed","trace_id":"bd49706d-18b4-4e5f-9978-d703ba442df3","latency_ms":0}
KHM webhook webhook.received {"event_id":"evt_checkout_completed","event_type":"checkout.session.completed","latency_ms":0}
..KHM webhook membership.renewal {"user_id":123,"invoice_id":"in_paid_123","subscription_id":""}
KHM webhook membership.email.skipped {"type":"payment","user_id":123,"reason":"transactional_emails_disabled","reference":"invoice:in_paid_123"}
KHM webhook webhook.processed {"event_id":"evt_invoice_paid","event_type":"invoice.paid","trace_id":"aa1f241c-fb92-475b-89c7-bef845a87153","latency_ms":0}
KHM webhook webhook.received {"event_id":"evt_invoice_paid","event_type":"invoice.paid","latency_ms":0}
.KHM webhook membership.payment_failed {"user_id":456,"invoice_id":"in_failed_456","reason":""}
KHM webhook webhook.processed {"event_id":"evt_payment_failed","event_type":"invoice.payment_failed","trace_id":"64a9a261-7f20-4c44-a221-bcdc1abd6983","latency_ms":0}
KHM webhook webhook.received {"event_id":"evt_payment_failed","event_type":"invoice.payment_failed","latency_ms":0}
.KHM webhook webhook.processed {"event_id":"evt_sub_deleted","event_type":"customer.subscription.deleted","trace_id":"642bd793-7869-4275-868d-31c8dccbc166","latency_ms":0}
KHM webhook webhook.received {"event_id":"evt_sub_deleted","event_type":"customer.subscription.deleted","latency_ms":0}
.KHM webhook webhook.processed {"event_id":"evt_unknown","event_type":"customer.unknown_event","trace_id":"1dd32154-7a87-41ad-b6f2-5b3050814ce1","latency_ms":0}
KHM webhook webhook.received {"event_id":"evt_unknown","event_type":"customer.unknown_event","latency_ms":0}
.KHM webhook processing failed | event_id=evt_rate_1 | type=invoice.paid | trace_id=b8d84f27-b681-4455-8252-72034e97f0f1 | error=invoice.paid unable to resolve user
KHM webhook webhook.failed {"event_id":"evt_rate_1","event_type":"invoice.paid","trace_id":"b8d84f27-b681-4455-8252-72034e97f0f1","error":"invoice.paid unable to resolve user"}
KHM webhook webhook.received {"event_id":"evt_rate_1","event_type":"invoice.paid","latency_ms":0}
KHM webhook webhook.rate_limited {"ip":"198.51.100.77"}
.KHM webhook processing failed | event_id=evt_checkout_missing_tier | type=checkout.session.completed | trace_id=b71ce756-dd4b-4410-b02c-66b96cc8de8f | error=checkout.session.completed missing membership tier metadata
KHM webhook webhook.failed {"event_id":"evt_checkout_missing_tier","event_type":"checkout.session.completed","trace_id":"b71ce756-dd4b-4410-b02c-66b96cc8de8f","error":"checkout.session.completed missing membership tier metadata"}
KHM webhook webhook.received {"event_id":"evt_checkout_missing_tier","event_type":"checkout.session.completed","latency_ms":0}
KHM webhook processing failed | event_id=evt_checkout_missing_tier | type=checkout.session.completed | trace_id=test-trace | error=checkout.session.completed missing membership tier metadata
KHM webhook webhook.failed {"event_id":"evt_checkout_missing_tier","event_type":"checkout.session.completed","trace_id":"test-trace","error":"checkout.session.completed missing membership tier metadata"}
.KHM webhook processing failed | event_id=evt_invoice_missing_user | type=invoice.paid | trace_id=ee37affb-dfdd-43c0-a2a0-d08ae7b10720 | error=invoice.paid unable to resolve user
KHM webhook webhook.failed {"event_id":"evt_invoice_missing_user","event_type":"invoice.paid","trace_id":"ee37affb-dfdd-43c0-a2a0-d08ae7b10720","error":"invoice.paid unable to resolve user"}
KHM webhook webhook.received {"event_id":"evt_invoice_missing_user","event_type":"invoice.paid","latency_ms":0}
KHM webhook processing failed | event_id=evt_invoice_missing_user | type=invoice.paid | trace_id=test-trace | error=invoice.paid unable to resolve user
KHM webhook webhook.failed {"event_id":"evt_invoice_missing_user","event_type":"invoice.paid","trace_id":"test-trace","error":"invoice.paid unable to resolve user"}
.KHM webhook membership.renewal {"user_id":321,"invoice_id":"in_replay","subscription_id":"sub_replay"}
KHM webhook membership.email.skipped {"type":"payment","user_id":321,"reason":"transactional_emails_disabled","reference":"invoice:in_replay"}
KHM webhook webhook.processed {"event_id":"evt_replay_1","event_type":"invoice.paid","trace_id":"trace-1","latency_ms":0}
KHM webhook webhook.processed {"event_id":"evt_replay_2","event_type":"invoice.paid","trace_id":"trace-2","latency_ms":0}
.KHM membership security anomaly {"code":"checkout_tier_price_mismatch","message":"Checkout metadata tier\/price mismatch.","context":{"event_id":"evt_checkout_mismatch","session_id":"cs_mismatch","user_id":123,"tier_slug":"pro","stripe_price_id":"price_tampered"}}
KHM webhook webhook.security_anomaly {"code":"checkout_tier_price_mismatch","message":"Checkout metadata tier\/price mismatch.","context":{"event_id":"evt_checkout_mismatch","session_id":"cs_mismatch","user_id":123,"tier_slug":"pro","stripe_price_id":"price_tampered"}}
KHM webhook processing failed | event_id=evt_checkout_mismatch | type=checkout.session.completed | trace_id=b650a572-defe-4cc6-827e-b4c881c77242 | error=checkout.session.completed tier/price mismatch
KHM webhook webhook.failed {"event_id":"evt_checkout_mismatch","event_type":"checkout.session.completed","trace_id":"b650a572-defe-4cc6-827e-b4c881c77242","error":"checkout.session.completed tier\/price mismatch"}
KHM webhook webhook.received {"event_id":"evt_checkout_mismatch","event_type":"checkout.session.completed","latency_ms":0}
KHM membership security anomaly {"code":"checkout_tier_price_mismatch","message":"Checkout metadata tier\/price mismatch.","context":{"event_id":"evt_checkout_mismatch","session_id":"cs_mismatch","user_id":123,"tier_slug":"pro","stripe_price_id":"price_tampered"}}
KHM webhook webhook.security_anomaly {"code":"checkout_tier_price_mismatch","message":"Checkout metadata tier\/price mismatch.","context":{"event_id":"evt_checkout_mismatch","session_id":"cs_mismatch","user_id":123,"tier_slug":"pro","stripe_price_id":"price_tampered"}}
KHM webhook processing failed | event_id=evt_checkout_mismatch | type=checkout.session.completed | trace_id=trace-mismatch | error=checkout.session.completed tier/price mismatch
KHM webhook webhook.failed {"event_id":"evt_checkout_mismatch","event_type":"checkout.session.completed","trace_id":"trace-mismatch","error":"checkout.session.completed tier\/price mismatch"}
.KHM webhook membership.subscription_updated {"user_id":901,"subscription_id":"sub_matrix","status":"trial"}
KHM webhook webhook.processed {"event_id":"evt_sub_matrix_0","event_type":"customer.subscription.updated","trace_id":"trace-sub-matrix-0","latency_ms":0}
KHM webhook membership.subscription_updated {"user_id":901,"subscription_id":"sub_matrix","status":"active"}
KHM webhook webhook.processed {"event_id":"evt_sub_matrix_1","event_type":"customer.subscription.updated","trace_id":"trace-sub-matrix-1","latency_ms":0}
KHM webhook membership.subscription_updated {"user_id":901,"subscription_id":"sub_matrix","status":"pending_cancel"}
KHM webhook webhook.processed {"event_id":"evt_sub_matrix_2","event_type":"customer.subscription.updated","trace_id":"trace-sub-matrix-2","latency_ms":0}
KHM webhook membership.subscription_updated {"user_id":901,"subscription_id":"sub_matrix","status":"past_due"}
KHM webhook webhook.processed {"event_id":"evt_sub_matrix_3","event_type":"customer.subscription.updated","trace_id":"trace-sub-matrix-3","latency_ms":0}
KHM webhook membership.subscription_updated {"user_id":901,"subscription_id":"sub_matrix","status":"canceled"}
KHM webhook webhook.processed {"event_id":"evt_sub_matrix_4","event_type":"customer.subscription.updated","trace_id":"trace-sub-matrix-4","latency_ms":0}
.KHM webhook membership.subscription_updated {"user_id":902,"subscription_id":"sub_plan_change","status":"active"}
KHM webhook webhook.processed {"event_id":"evt_sub_plan_change","event_type":"customer.subscription.updated","trace_id":"trace-plan-change","latency_ms":0}
.KHM webhook membership.attribution.confirmed {"user_id":123,"schedule_id":77,"reference":"cs_no_consent","consent":0}
KHM webhook membership.signup {"user_id":123,"tier":235,"attribution_id":"","payment_type":"subscription"}
KHM webhook landing.success {"user_id":123,"schedule_id":77,"sponsor_id":11,"utm_source":"newsletter","utm_campaign":"spring","reference":"cs_no_consent"}
KHM webhook membership.email.skipped {"type":"welcome","user_id":123,"reason":"transactional_emails_disabled","reference":"cs_no_consent"}
KHM webhook membership.email.skipped {"type":"payment","user_id":123,"reason":"transactional_emails_disabled","reference":"session:cs_no_consent"}
KHM webhook webhook.processed {"event_id":"evt_checkout_no_consent","event_type":"checkout.session.completed","trace_id":"b3b864be-5ca4-44e4-b93c-f7830b04d1f9","latency_ms":0}
KHM webhook webhook.received {"event_id":"evt_checkout_no_consent","event_type":"checkout.session.completed","latency_ms":0}
.KHM webhook processing failed | event_id=evt_dead_letter_1 | type=invoice.paid | trace_id=trace-dead-letter | error=invoice.paid unable to resolve user
KHM webhook webhook.failed {"event_id":"evt_dead_letter_1","event_type":"invoice.paid","trace_id":"trace-dead-letter","error":"invoice.paid unable to resolve user"}
.KHM webhook webhook.invalid_signature {"code":"khm_invalid_signature","message":"No signatures found matching the expected signature for payload"}
.KHM webhook membership.attribution.created {"user_id":123,"schedule_id":555,"sponsor_id":0,"reference":"cs_temp_fallback_unit"}
KHM webhook membership.attribution.confirmed {"user_id":123,"schedule_id":555,"reference":"cs_temp_fallback_unit","consent":1}
KHM webhook membership.signup {"user_id":123,"tier":249,"attribution_id":"","payment_type":"subscription"}
KHM webhook landing.success {"user_id":123,"schedule_id":555,"sponsor_id":0,"utm_source":"","utm_campaign":"temp_campaign","reference":"cs_temp_fallback_unit"}
KHM webhook membership.email.skipped {"type":"welcome","user_id":123,"reason":"transactional_emails_disabled","reference":"cs_temp_fallback_unit"}
KHM webhook membership.email.skipped {"type":"payment","user_id":123,"reason":"transactional_emails_disabled","reference":"session:cs_temp_fallback_unit"}
KHM webhook webhook.processed {"event_id":"evt_temp_fallback_001","event_type":"checkout.session.completed","trace_id":"92fb60d7-ac4f-4ab5-87b1-5c3b9d5c7e1c","latency_ms":0}
KHM webhook webhook.received {"event_id":"evt_temp_fallback_001","event_type":"checkout.session.completed","latency_ms":0}
.KHM webhook membership.attribution.created {"user_id":123,"schedule_id":555,"sponsor_id":0,"reference":"cs_temp_fallback_unit"}
KHM webhook membership.attribution.confirmed {"user_id":123,"schedule_id":555,"reference":"cs_temp_fallback_unit","consent":1}
KHM webhook membership.signup {"user_id":123,"tier":259,"attribution_id":"","payment_type":"subscription"}
KHM webhook landing.success {"user_id":123,"schedule_id":555,"sponsor_id":0,"utm_source":"","utm_campaign":"temp_campaign","reference":"cs_temp_fallback_unit"}
KHM webhook membership.email.skipped {"type":"welcome","user_id":123,"reason":"transactional_emails_disabled","reference":"cs_temp_fallback_unit"}
KHM webhook membership.email.skipped {"type":"payment","user_id":123,"reason":"transactional_emails_disabled","reference":"session:cs_temp_fallback_unit"}
KHM webhook webhook.processed {"event_id":"evt_temp_fallback_001","event_type":"checkout.session.completed","trace_id":"58b07719-2141-4adf-bb2c-e773f29304a6","latency_ms":0}
KHM webhook webhook.received {"event_id":"evt_temp_fallback_001","event_type":"checkout.session.completed","latency_ms":0}
.                                             86 / 86 (100%)

Time: 00:00.373, Memory: 24.00 MB

OK (86 tests, 351 assertions)
