Test bootstrap loaded
PHPUnit 9.6.34 by Sebastian Bergmann and contributors.

Runtime:       PHP 8.1.33
Configuration: /Users/krisoldland/Local Sites/touchpoint-template-remote/app/public/wp-content/plugins/khm-plugin/phpunit.xml

......FFF.......KHM landing landing.view {"schedule_id":"sch_123","sponsor_id":"sp_456","utm_source":"newsletter","source":"landing"}
.KHM landing landing.success {"session_id":"cs_test_success_001","schedule_id":"sch_123","sponsor_id":"sp_456","consent":1,"membership_status":"active"}
.KHM landing landing.success {"session_id":"cs_test_success_002","schedule_id":"sch_123","sponsor_id":"","consent":0,"membership_status":"active"}
...KHM landing landing.submit {"session_id":"cs_test_df439ce7bb2256e6","schedule_id":"sch_optout_001","sponsor_id":"","consent":1,"source":"landing"}
..KHM webhook membership.attribution.confirmed {"user_id":123,"schedule_id":77,"reference":"cs_optout_001","consent":0}
KHM webhook membership.signup {"user_id":123,"tier":13,"attribution_id":"","payment_type":"subscription"}
KHM webhook landing.success {"user_id":123,"schedule_id":77,"sponsor_id":11,"utm_source":"newsletter","utm_campaign":"spring","reference":"cs_optout_001"}
KHM webhook membership.email.skipped {"type":"welcome","user_id":123,"reason":"transactional_emails_disabled","reference":"cs_optout_001"}
KHM webhook membership.email.skipped {"type":"payment","user_id":123,"reason":"transactional_emails_disabled","reference":"session:cs_optout_001"}
KHM webhook webhook.processed {"event_id":"evt_optout_001","event_type":"checkout.session.completed","trace_id":"094987ac-66b2-4955-8b3f-aa36deb98201","latency_ms":2}
KHM webhook webhook.received {"event_id":"evt_optout_001","event_type":"checkout.session.completed","latency_ms":77}
....KHM landing landing.submit {"session_id":"cs_test_dae2bc5a44178609","schedule_id":"sch_125","sponsor_id":"","consent":1,"source":"landing"}
.FF.........KHM landing landing.submit {"session_id":"cs_test_89467c24312293ea","schedule_id":"sch_matrix_001","sponsor_id":"","consent":1,"source":"landing"}
.KHM landing landing.submit {"session_id":"cs_test_9cf300d4ee22fd74","schedule_id":"sch_matrix_002","sponsor_id":"","consent":0,"source":"landing"}
.KHM landing landing.submit {"session_id":"cs_test_bf8673124559d60e","schedule_id":"sch_matrix_003","sponsor_id":"","consent":1,"source":"landing"}
.KHM landing landing.submit {"session_id":"cs_test_3b32b2dc26c45b3a","schedule_id":"sch_123","sponsor_id":"","consent":1,"source":"landing"}
.KHM landing landing.submit {"session_id":"cs_test_985e17f16425d258","schedule_id":"sch_123","sponsor_id":"","consent":1,"source":"landing"}
..KHM landing landing.submit {"session_id":"cs_test_42ea8942b2a11de2","schedule_id":"sch_123","sponsor_id":"","consent":0,"source":"landing"}
..KHM landing landing.submit {"session_id":"cs_test_fc314805c01e1ac6","schedule_id":"sch_123","sponsor_id":"","consent":1,"source":"landing"}
.EEE.FEKHM webhook processing failed | event_id=evt_err_null_obj | type=invoice.paid | trace_id=d21e4dfa-544b-492b-a070-6553a5ec11b0 | error=invoice.paid unable to resolve user
KHM webhook webhook.failed {"event_id":"evt_err_null_obj","event_type":"invoice.paid","trace_id":"d21e4dfa-544b-492b-a070-6553a5ec11b0","error":"invoice.paid unable to resolve user"}
KHM webhook webhook.received {"event_id":"evt_err_null_obj","event_type":"invoice.paid","latency_ms":0}
KHM webhook processing failed | event_id=evt_err_null_obj | type=invoice.paid | trace_id=trace-null-obj | error=invoice.paid unable to resolve user
KHM webhook webhook.failed {"event_id":"evt_err_null_obj","event_type":"invoice.paid","trace_id":"trace-null-obj","error":"invoice.paid unable to resolve user"}
.KHM webhook processing failed | event_id=evt_err_ctx | type=invoice.paid | trace_id=2d09497e-4a31-468b-8d0a-cb06b7e1e1fc | error=invoice.paid unable to resolve user
KHM webhook webhook.failed {"event_id":"evt_err_ctx","event_type":"invoice.paid","trace_id":"2d09497e-4a31-468b-8d0a-cb06b7e1e1fc","error":"invoice.paid unable to resolve user"}
KHM webhook webhook.received {"event_id":"evt_err_ctx","event_type":"invoice.paid","latency_ms":0}
KHM webhook processing failed | event_id=evt_err_ctx | type=invoice.paid | trace_id=trace-ctx-001 | error=invoice.paid unable to resolve user
KHM webhook webhook.failed {"event_id":"evt_err_ctx","event_type":"invoice.paid","trace_id":"trace-ctx-001","error":"invoice.paid unable to resolve user"}
.KHM webhook processing failed | event_id=evt_err_mark | type=invoice.paid | trace_id=7a4d2233-6276-4912-b0c8-88c545b6911d | error=invoice.paid unable to resolve user
KHM webhook webhook.failed {"event_id":"evt_err_mark","event_type":"invoice.paid","trace_id":"7a4d2233-6276-4912-b0c8-88c545b6911d","error":"invoice.paid unable to resolve user"}
KHM webhook webhook.received {"event_id":"evt_err_mark","event_type":"invoice.paid","latency_ms":0}
KHM webhook processing failed | event_id=evt_err_mark | type=invoice.paid | trace_id=trace-mark | error=invoice.paid unable to resolve user
KHM webhook webhook.failed {"event_id":"evt_err_mark","event_type":"invoice.paid","trace_id":"trace-mark","error":"invoice.paid unable to resolve user"}
.KHM webhook processing failed | event_id=evt_err_dl | type=invoice.paid | trace_id=c789a339-4982-418d-b7e6-9eae709845df | error=invoice.paid unable to resolve user
KHM webhook webhook.failed {"event_id":"evt_err_dl","event_type":"invoice.paid","trace_id":"c789a339-4982-418d-b7e6-9eae709845df","error":"invoice.paid unable to resolve user"}
KHM webhook webhook.received {"event_id":"evt_err_dl","event_type":"invoice.paid","latency_ms":0}
KHM webhook processing failed | event_id=evt_err_dl | type=invoice.paid | trace_id=trace-dl-001 | error=invoice.paid unable to resolve user
KHM webhook webhook.failed {"event_id":"evt_err_dl","event_type":"invoice.paid","trace_id":"trace-dl-001","error":"invoice.paid unable to resolve user"}
.KHM webhook processing failed | event_id=evt_err_both | type=invoice.paid | trace_id=a562a12d-2449-4ffe-980a-13c9bf21614e | error=invoice.paid unable to resolve user
KHM webhook webhook.failed {"event_id":"evt_err_both","event_type":"invoice.paid","trace_id":"a562a12d-2449-4ffe-980a-13c9bf21614e","error":"invoice.paid unable to resolve user"}
KHM webhook webhook.received {"event_id":"evt_err_both","event_type":"invoice.paid","latency_ms":0}
KHM webhook processing failed | event_id=evt_err_both | type=invoice.paid | trace_id=trace-both-999 | error=invoice.paid unable to resolve user
KHM webhook webhook.failed {"event_id":"evt_err_both","event_type":"invoice.paid","trace_id":"trace-both-999","error":"invoice.paid unable to resolve user"}
.KHM webhook webhook.invalid_signature {"code":"khm_invalid_signature","message":"No signatures found matching the expected signature for payload"}
.KHM webhook processing failed | event_id=evt_signed_exc_001 | type=invoice.paid | trace_id=eb998ccc-72c3-43a4-a6cc-4b102d27aaa5 | error=invoice.paid unable to resolve user
KHM webhook webhook.failed {"event_id":"evt_signed_exc_001","event_type":"invoice.paid","trace_id":"eb998ccc-72c3-43a4-a6cc-4b102d27aaa5","error":"invoice.paid unable to resolve user"}
KHM webhook webhook.received {"event_id":"evt_signed_exc_001","event_type":"invoice.paid","latency_ms":0}
KHM webhook processing failed | event_id=evt_signed_exc_001 | type=invoice.paid | trace_id=trace-signed-exc-001 | error=invoice.paid unable to resolve user
KHM webhook webhook.failed {"event_id":"evt_signed_exc_001","event_type":"invoice.paid","trace_id":"trace-signed-exc-001","error":"invoice.paid unable to resolve user"}
.KHM webhook membership.attribution.created {"user_id":101,"schedule_id":10,"sponsor_id":20,"reference":"cs_fixture_signed_001"}
KHM webhook membership.attribution.confirmed {"user_id":101,"schedule_id":10,"reference":"cs_fixture_signed_001","consent":1}
KHM webhook membership.signup {"user_id":101,"tier":89,"attribution_id":"","payment_type":"subscription"}
KHM webhook landing.success {"user_id":101,"schedule_id":10,"sponsor_id":20,"utm_source":"newsletter","utm_campaign":"spring_launch","reference":"cs_fixture_signed_001"}
KHM webhook membership.email.skipped {"type":"welcome","user_id":101,"reason":"transactional_emails_disabled","reference":"cs_fixture_signed_001"}
KHM webhook membership.email.skipped {"type":"payment","user_id":101,"reason":"transactional_emails_disabled","reference":"session:cs_fixture_signed_001"}
KHM webhook webhook.processed {"event_id":"evt_checkout_signed_001","event_type":"checkout.session.completed","trace_id":"ba3ac855-f8fe-4e0d-8c38-d257a2465b61","latency_ms":0}
KHM webhook webhook.received {"event_id":"evt_checkout_signed_001","event_type":"checkout.session.completed","latency_ms":0}
.KHM webhook membership.renewal {"user_id":202,"invoice_id":"in_fixture_001","subscription_id":"sub_fixture_001"}
KHM webhook membership.email.skipped {"type":"payment","user_id":202,"reason":"transactional_emails_disabled","reference":"invoice:in_fixture_001"}
KHM webhook webhook.processed {"event_id":"evt_invoice_signed_001","event_type":"invoice.paid","trace_id":"61afc453-ac2b-4161-940b-e178d2498e5a","latency_ms":0}
KHM webhook webhook.received {"event_id":"evt_invoice_signed_001","event_type":"invoice.paid","latency_ms":0}
.KHM webhook membership.attribution.created {"user_id":101,"schedule_id":777,"sponsor_id":0,"reference":"cs_temp_fallback_001"}
KHM webhook membership.attribution.confirmed {"user_id":101,"schedule_id":777,"reference":"cs_temp_fallback_001","consent":1}
KHM webhook membership.signup {"user_id":101,"tier":106,"attribution_id":"","payment_type":"subscription"}
KHM webhook landing.success {"user_id":101,"schedule_id":777,"sponsor_id":0,"utm_source":"","utm_campaign":"spring_launch","reference":"cs_temp_fallback_001"}
KHM webhook membership.email.skipped {"type":"welcome","user_id":101,"reason":"transactional_emails_disabled","reference":"cs_temp_fallback_001"}
KHM webhook membership.email.skipped {"type":"payment","user_id":101,"reason":"transactional_emails_disabled","reference":"session:cs_temp_fallback_001"}
KHM webhook webhook.processed {"event_id":"evt_checkout_temp_fallback_001","event_type":"checkout.session.completed","trace_id":"a65e476b-567b-453e-a22a-7f22855bbb9a","latency_ms":0}
KHM webhook webhook.received {"event_id":"evt_checkout_temp_fallback_001","event_type":"checkout.session.completed","latency_ms":0}
.KHM webhook webhook.invalid_event {"payload_hash":"daab6100e0e84fe7382b4a78535e504971260ce5e84422a52b85d68e70719aa9"}
. 65 / 86 ( 75%)
KHM webhook membership.renewal {"user_id":999,"invoice_id":"in_test_12345","subscription_id":""}
KHM webhook membership.email.skipped {"type":"payment","user_id":999,"reason":"transactional_emails_disabled","reference":"invoice:in_test_12345"}
KHM webhook webhook.processed {"event_id":"evt_test_12345","event_type":"invoice.paid","trace_id":"15d03a20-aa7f-4b86-bcf4-14b5cbe7e9a3","latency_ms":0}
KHM webhook webhook.received {"event_id":"evt_test_12345","event_type":"invoice.paid","latency_ms":0}
.KHM webhook membership.renewal {"user_id":999,"invoice_id":"in_test_12345","subscription_id":""}
KHM webhook membership.email.skipped {"type":"payment","user_id":999,"reason":"transactional_emails_disabled","reference":"invoice:in_test_12345"}
KHM webhook webhook.processed {"event_id":"evt_test_12345","event_type":"invoice.paid","trace_id":"3e2d2607-061f-4192-8ada-dd5f986b1e9c","latency_ms":0}
KHM webhook webhook.received {"event_id":"evt_test_12345","event_type":"invoice.paid","latency_ms":0}
.KHM webhook membership.attribution.confirmed {"user_id":123,"schedule_id":0,"reference":"cs_test123","consent":0}
KHM webhook membership.attribution.missing {"user_id":123,"reference":"cs_test123","reason":"missing_schedule_id"}
KHM webhook membership.signup {"user_id":123,"tier":130,"attribution_id":"","payment_type":"subscription"}
KHM webhook landing.success {"user_id":123,"schedule_id":0,"sponsor_id":0,"utm_source":"","utm_campaign":"","reference":"cs_test123"}
KHM webhook membership.email.skipped {"type":"welcome","user_id":123,"reason":"transactional_emails_disabled","reference":"cs_test123"}
KHM webhook membership.email.skipped {"type":"payment","user_id":123,"reason":"transactional_emails_disabled","reference":"session:cs_test123"}
KHM webhook webhook.processed {"event_id":"evt_checkout_completed","event_type":"checkout.session.completed","trace_id":"cdde4f29-19da-4091-b238-807f2b056517","latency_ms":0}
KHM webhook webhook.received {"event_id":"evt_checkout_completed","event_type":"checkout.session.completed","latency_ms":0}
.KHM webhook membership.attribution.confirmed {"user_id":123,"schedule_id":0,"reference":"cs_test123","consent":0}
KHM webhook membership.attribution.missing {"user_id":123,"reference":"cs_test123","reason":"missing_schedule_id"}
KHM webhook membership.signup {"user_id":123,"tier":140,"attribution_id":"","payment_type":"subscription"}
KHM webhook landing.success {"user_id":123,"schedule_id":0,"sponsor_id":0,"utm_source":"","utm_campaign":"","reference":"cs_test123"}
KHM webhook membership.email.skipped {"type":"welcome","user_id":123,"reason":"transactional_emails_disabled","reference":"cs_test123"}
KHM webhook membership.email.skipped {"type":"payment","user_id":123,"reason":"transactional_emails_disabled","reference":"session:cs_test123"}
KHM webhook webhook.processed {"event_id":"evt_checkout_completed","event_type":"checkout.session.completed","trace_id":"d4d34d13-a69a-4b51-8ca7-d00c2dc94940","latency_ms":0}
KHM webhook webhook.received {"event_id":"evt_checkout_completed","event_type":"checkout.session.completed","latency_ms":0}
..KHM webhook membership.renewal {"user_id":123,"invoice_id":"in_paid_123","subscription_id":""}
KHM webhook membership.email.skipped {"type":"payment","user_id":123,"reason":"transactional_emails_disabled","reference":"invoice:in_paid_123"}
KHM webhook webhook.processed {"event_id":"evt_invoice_paid","event_type":"invoice.paid","trace_id":"cd9ef900-cf8d-4833-b142-f54634300b10","latency_ms":0}
KHM webhook webhook.received {"event_id":"evt_invoice_paid","event_type":"invoice.paid","latency_ms":0}
.KHM webhook membership.payment_failed {"user_id":456,"invoice_id":"in_failed_456","reason":""}
KHM webhook webhook.processed {"event_id":"evt_payment_failed","event_type":"invoice.payment_failed","trace_id":"9ceddaf7-03cb-4ee5-9264-9ee2f462bed9","latency_ms":0}
KHM webhook webhook.received {"event_id":"evt_payment_failed","event_type":"invoice.payment_failed","latency_ms":0}
.KHM webhook webhook.processed {"event_id":"evt_sub_deleted","event_type":"customer.subscription.deleted","trace_id":"057bf75e-be58-4bdf-a65e-42bae824568a","latency_ms":0}
KHM webhook webhook.received {"event_id":"evt_sub_deleted","event_type":"customer.subscription.deleted","latency_ms":0}
.KHM webhook webhook.processed {"event_id":"evt_unknown","event_type":"customer.unknown_event","trace_id":"edb74864-fb36-47f8-adb1-c2ddc0897eeb","latency_ms":0}
KHM webhook webhook.received {"event_id":"evt_unknown","event_type":"customer.unknown_event","latency_ms":0}
.KHM webhook processing failed | event_id=evt_rate_1 | type=invoice.paid | trace_id=6d4c026d-ac1f-4697-8a69-f1380fc953ae | error=invoice.paid unable to resolve user
KHM webhook webhook.failed {"event_id":"evt_rate_1","event_type":"invoice.paid","trace_id":"6d4c026d-ac1f-4697-8a69-f1380fc953ae","error":"invoice.paid unable to resolve user"}
KHM webhook webhook.received {"event_id":"evt_rate_1","event_type":"invoice.paid","latency_ms":0}
KHM webhook webhook.rate_limited {"ip":"198.51.100.77"}
.KHM webhook processing failed | event_id=evt_checkout_missing_tier | type=checkout.session.completed | trace_id=bd5e4b86-27ca-4e0a-b4e3-282494290ce0 | error=checkout.session.completed missing membership tier metadata
KHM webhook webhook.failed {"event_id":"evt_checkout_missing_tier","event_type":"checkout.session.completed","trace_id":"bd5e4b86-27ca-4e0a-b4e3-282494290ce0","error":"checkout.session.completed missing membership tier metadata"}
KHM webhook webhook.received {"event_id":"evt_checkout_missing_tier","event_type":"checkout.session.completed","latency_ms":0}
KHM webhook processing failed | event_id=evt_checkout_missing_tier | type=checkout.session.completed | trace_id=test-trace | error=checkout.session.completed missing membership tier metadata
KHM webhook webhook.failed {"event_id":"evt_checkout_missing_tier","event_type":"checkout.session.completed","trace_id":"test-trace","error":"checkout.session.completed missing membership tier metadata"}
.KHM webhook processing failed | event_id=evt_invoice_missing_user | type=invoice.paid | trace_id=e9e5098d-dd32-4250-ae32-41b1fb363d66 | error=invoice.paid unable to resolve user
KHM webhook webhook.failed {"event_id":"evt_invoice_missing_user","event_type":"invoice.paid","trace_id":"e9e5098d-dd32-4250-ae32-41b1fb363d66","error":"invoice.paid unable to resolve user"}
KHM webhook webhook.received {"event_id":"evt_invoice_missing_user","event_type":"invoice.paid","latency_ms":0}
KHM webhook processing failed | event_id=evt_invoice_missing_user | type=invoice.paid | trace_id=test-trace | error=invoice.paid unable to resolve user
KHM webhook webhook.failed {"event_id":"evt_invoice_missing_user","event_type":"invoice.paid","trace_id":"test-trace","error":"invoice.paid unable to resolve user"}
.KHM webhook membership.renewal {"user_id":321,"invoice_id":"in_replay","subscription_id":"sub_replay"}
KHM webhook membership.email.skipped {"type":"payment","user_id":321,"reason":"transactional_emails_disabled","reference":"invoice:in_replay"}
KHM webhook webhook.processed {"event_id":"evt_replay_1","event_type":"invoice.paid","trace_id":"trace-1","latency_ms":0}
KHM webhook webhook.processed {"event_id":"evt_replay_2","event_type":"invoice.paid","trace_id":"trace-2","latency_ms":0}
.KHM membership security anomaly {"code":"checkout_tier_price_mismatch","message":"Checkout metadata tier\/price mismatch.","context":{"event_id":"evt_checkout_mismatch","session_id":"cs_mismatch","user_id":123,"tier_slug":"pro","stripe_price_id":"price_tampered"}}
KHM webhook webhook.security_anomaly {"code":"checkout_tier_price_mismatch","message":"Checkout metadata tier\/price mismatch.","context":{"event_id":"evt_checkout_mismatch","session_id":"cs_mismatch","user_id":123,"tier_slug":"pro","stripe_price_id":"price_tampered"}}
KHM webhook processing failed | event_id=evt_checkout_mismatch | type=checkout.session.completed | trace_id=9b69647d-fb59-4d35-9bb5-c05c43075e20 | error=checkout.session.completed tier/price mismatch
KHM webhook webhook.failed {"event_id":"evt_checkout_mismatch","event_type":"checkout.session.completed","trace_id":"9b69647d-fb59-4d35-9bb5-c05c43075e20","error":"checkout.session.completed tier\/price mismatch"}
KHM webhook webhook.received {"event_id":"evt_checkout_mismatch","event_type":"checkout.session.completed","latency_ms":0}
KHM membership security anomaly {"code":"checkout_tier_price_mismatch","message":"Checkout metadata tier\/price mismatch.","context":{"event_id":"evt_checkout_mismatch","session_id":"cs_mismatch","user_id":123,"tier_slug":"pro","stripe_price_id":"price_tampered"}}
KHM webhook webhook.security_anomaly {"code":"checkout_tier_price_mismatch","message":"Checkout metadata tier\/price mismatch.","context":{"event_id":"evt_checkout_mismatch","session_id":"cs_mismatch","user_id":123,"tier_slug":"pro","stripe_price_id":"price_tampered"}}
KHM webhook processing failed | event_id=evt_checkout_mismatch | type=checkout.session.completed | trace_id=trace-mismatch | error=checkout.session.completed tier/price mismatch
KHM webhook webhook.failed {"event_id":"evt_checkout_mismatch","event_type":"checkout.session.completed","trace_id":"trace-mismatch","error":"checkout.session.completed tier\/price mismatch"}
.KHM webhook membership.subscription_updated {"user_id":901,"subscription_id":"sub_matrix","status":"trial"}
KHM webhook webhook.processed {"event_id":"evt_sub_matrix_0","event_type":"customer.subscription.updated","trace_id":"trace-sub-matrix-0","latency_ms":0}
KHM webhook membership.subscription_updated {"user_id":901,"subscription_id":"sub_matrix","status":"active"}
KHM webhook webhook.processed {"event_id":"evt_sub_matrix_1","event_type":"customer.subscription.updated","trace_id":"trace-sub-matrix-1","latency_ms":0}
KHM webhook membership.subscription_updated {"user_id":901,"subscription_id":"sub_matrix","status":"pending_cancel"}
KHM webhook webhook.processed {"event_id":"evt_sub_matrix_2","event_type":"customer.subscription.updated","trace_id":"trace-sub-matrix-2","latency_ms":0}
KHM webhook membership.subscription_updated {"user_id":901,"subscription_id":"sub_matrix","status":"past_due"}
KHM webhook webhook.processed {"event_id":"evt_sub_matrix_3","event_type":"customer.subscription.updated","trace_id":"trace-sub-matrix-3","latency_ms":0}
KHM webhook membership.subscription_updated {"user_id":901,"subscription_id":"sub_matrix","status":"canceled"}
KHM webhook webhook.processed {"event_id":"evt_sub_matrix_4","event_type":"customer.subscription.updated","trace_id":"trace-sub-matrix-4","latency_ms":0}
.KHM webhook membership.subscription_updated {"user_id":902,"subscription_id":"sub_plan_change","status":"active"}
KHM webhook webhook.processed {"event_id":"evt_sub_plan_change","event_type":"customer.subscription.updated","trace_id":"trace-plan-change","latency_ms":0}
.KHM webhook membership.attribution.confirmed {"user_id":123,"schedule_id":77,"reference":"cs_no_consent","consent":0}
KHM webhook membership.signup {"user_id":123,"tier":237,"attribution_id":"","payment_type":"subscription"}
KHM webhook landing.success {"user_id":123,"schedule_id":77,"sponsor_id":11,"utm_source":"newsletter","utm_campaign":"spring","reference":"cs_no_consent"}
KHM webhook membership.email.skipped {"type":"welcome","user_id":123,"reason":"transactional_emails_disabled","reference":"cs_no_consent"}
KHM webhook membership.email.skipped {"type":"payment","user_id":123,"reason":"transactional_emails_disabled","reference":"session:cs_no_consent"}
KHM webhook webhook.processed {"event_id":"evt_checkout_no_consent","event_type":"checkout.session.completed","trace_id":"0d1e7602-76e6-411e-8a3e-c50d9b7c445b","latency_ms":0}
KHM webhook webhook.received {"event_id":"evt_checkout_no_consent","event_type":"checkout.session.completed","latency_ms":0}
.KHM webhook processing failed | event_id=evt_dead_letter_1 | type=invoice.paid | trace_id=trace-dead-letter | error=invoice.paid unable to resolve user
KHM webhook webhook.failed {"event_id":"evt_dead_letter_1","event_type":"invoice.paid","trace_id":"trace-dead-letter","error":"invoice.paid unable to resolve user"}
.KHM webhook webhook.invalid_signature {"code":"khm_invalid_signature","message":"No signatures found matching the expected signature for payload"}
.KHM webhook membership.attribution.created {"user_id":123,"schedule_id":555,"sponsor_id":0,"reference":"cs_temp_fallback_unit"}
KHM webhook membership.attribution.confirmed {"user_id":123,"schedule_id":555,"reference":"cs_temp_fallback_unit","consent":1}
KHM webhook membership.signup {"user_id":123,"tier":251,"attribution_id":"","payment_type":"subscription"}
KHM webhook landing.success {"user_id":123,"schedule_id":555,"sponsor_id":0,"utm_source":"","utm_campaign":"temp_campaign","reference":"cs_temp_fallback_unit"}
KHM webhook membership.email.skipped {"type":"welcome","user_id":123,"reason":"transactional_emails_disabled","reference":"cs_temp_fallback_unit"}
KHM webhook membership.email.skipped {"type":"payment","user_id":123,"reason":"transactional_emails_disabled","reference":"session:cs_temp_fallback_unit"}
KHM webhook webhook.processed {"event_id":"evt_temp_fallback_001","event_type":"checkout.session.completed","trace_id":"5e5a87c7-c57f-4658-bb0c-60899263578a","latency_ms":0}
KHM webhook webhook.received {"event_id":"evt_temp_fallback_001","event_type":"checkout.session.completed","latency_ms":0}
.KHM webhook membership.attribution.created {"user_id":123,"schedule_id":555,"sponsor_id":0,"reference":"cs_temp_fallback_unit"}
KHM webhook membership.attribution.confirmed {"user_id":123,"schedule_id":555,"reference":"cs_temp_fallback_unit","consent":1}
KHM webhook membership.signup {"user_id":123,"tier":261,"attribution_id":"","payment_type":"subscription"}
KHM webhook landing.success {"user_id":123,"schedule_id":555,"sponsor_id":0,"utm_source":"","utm_campaign":"temp_campaign","reference":"cs_temp_fallback_unit"}
KHM webhook membership.email.skipped {"type":"welcome","user_id":123,"reason":"transactional_emails_disabled","reference":"cs_temp_fallback_unit"}
KHM webhook membership.email.skipped {"type":"payment","user_id":123,"reason":"transactional_emails_disabled","reference":"session:cs_temp_fallback_unit"}
KHM webhook webhook.processed {"event_id":"evt_temp_fallback_001","event_type":"checkout.session.completed","trace_id":"37fda30f-b9ee-4973-b1ce-b7d06e57ef53","latency_ms":0}
KHM webhook webhook.received {"event_id":"evt_temp_fallback_001","event_type":"checkout.session.completed","latency_ms":0}
.                                             86 / 86 (100%)

Time: 00:00.380, Memory: 26.00 MB

There were 4 errors:

1) KHM\Tests\Membership\StatusEndpointTest::test_requires_authentication
Error: Class "WP_Mock" not found

/Users/krisoldland/Local Sites/touchpoint-template-remote/app/public/wp-content/plugins/khm-plugin/tests/Membership/StatusEndpointTest.php:19

2) KHM\Tests\Membership\StatusEndpointTest::test_user_can_only_access_own_status
Error: Class "WP_Mock" not found

/Users/krisoldland/Local Sites/touchpoint-template-remote/app/public/wp-content/plugins/khm-plugin/tests/Membership/StatusEndpointTest.php:35

3) KHM\Tests\Membership\StatusEndpointTest::test_admin_can_access_any_user_status
Error: Class "WP_Mock" not found

/Users/krisoldland/Local Sites/touchpoint-template-remote/app/public/wp-content/plugins/khm-plugin/tests/Membership/StatusEndpointTest.php:57

4) KHM\Tests\Membership\StatusEndpointTest::test_response_schema_matches_contract
PHPUnit\Framework\InvalidArgumentException: Argument #2 of PHPUnit\Framework\Assert::assertArrayHasKey() must be an array or ArrayAccess

/Users/krisoldland/Local Sites/touchpoint-template-remote/app/public/wp-content/plugins/khm-plugin/tests/Membership/StatusEndpointTest.php:165

--

There were 6 failures:

1) KHM\Tests\Membership\AttributionEndpointTest::test_creates_attribution_record
Failed asserting that null matches expected 123.

/Users/krisoldland/Local Sites/touchpoint-template-remote/app/public/wp-content/plugins/khm-plugin/tests/Membership/AttributionEndpointTest.php:72

2) KHM\Tests\Membership\AttributionEndpointTest::test_idempotency_prevents_duplicates
Failed asserting that 5 matches expected 4.

/Users/krisoldland/Local Sites/touchpoint-template-remote/app/public/wp-content/plugins/khm-plugin/tests/Membership/AttributionEndpointTest.php:97

3) KHM\Tests\Membership\AttributionEndpointTest::test_idempotency_user_email_alternative
Failed asserting that 7 matches expected 6.

/Users/krisoldland/Local Sites/touchpoint-template-remote/app/public/wp-content/plugins/khm-plugin/tests/Membership/AttributionEndpointTest.php:126

4) KHM\Tests\Membership\RetentionTest::test_retention_worker_anonymizes_expired_rows_only
Failed asserting that a string is empty.

/Users/krisoldland/Local Sites/touchpoint-template-remote/app/public/wp-content/plugins/khm-plugin/tests/Membership/RetentionTest.php:46

5) KHM\Tests\Membership\RetentionTest::testRetentionWorkerAnonymizesExpiredRows
Failed asserting that a string is empty.

/Users/krisoldland/Local Sites/touchpoint-template-remote/app/public/wp-content/plugins/khm-plugin/tests/Membership/RetentionTest.php:46
/Users/krisoldland/Local Sites/touchpoint-template-remote/app/public/wp-content/plugins/khm-plugin/tests/Membership/RetentionTest.php:51

6) KHM\Tests\Membership\StatusEndpointTest::test_returns_membership_status_for_active_user
Failed asserting that two strings are equal.
--- Expected
+++ Actual
@@ @@
-'active'
+'none'

/Users/krisoldland/Local Sites/touchpoint-template-remote/app/public/wp-content/plugins/khm-plugin/tests/Membership/StatusEndpointTest.php:117

ERRORS!
Tests: 86, Assertions: 332, Errors: 4, Failures: 6.
